2025-11-23 21:53:00 | DEBUG | repo=Image-Galery | action=pull
2025-11-06 13:56:00 | INFO | repo=Image-Galery | action=commit
2025-03-24 15:09:00 | DEBUG | repo=Image-Galery | action=test | passed=true
2025-11-20 17:27:00 | WARN | repo=Image-Galery | action=commit
2025-01-02 15:42:00 | INFO | repo=Image-Galery | action=commit
2025-09-05 20:19:00 | WARN | repo=Image-Galery | action=test | passed=true
2025-05-14 19:27:00 | INFO | repo=Image-Galery | action=commit
2025-09-04 07:50:00 | INFO | repo=Image-Galery | action=edit | files=1
2025-01-18 14:45:00 | WARN | repo=Image-Galery | action=commit
2025-01-27 13:21:00 | INFO | repo=Image-Galery | action=commit
2025-04-26 08:22:00 | WARN | repo=Image-Galery | action=commit
2025-10-15 12:55:00 | INFO | repo=Image-Galery | action=pull
2025-04-27 07:01:00 | INFO | repo=Image-Galery | action=commit
2025-01-26 19:04:00 | DEBUG | repo=Image-Galery | action=commit
2025-03-22 18:27:00 | WARN | repo=Image-Galery | action=pull
2025-07-22 17:21:00 | DEBUG | repo=Image-Galery | action=test | passed=true
2025-04-26 12:07:00 | WARN | repo=Image-Galery | action=commit
2025-12-14 13:49:00 | WARN | repo=Image-Galery | action=edit | files=3
2025-08-02 21:22:00 | DEBUG | repo=Image-Galery | action=test | passed=true
2025-04-06 08:07:00 | INFO | repo=Image-Galery | action=commit
2025-04-25 21:34:00 | WARN | repo=Image-Galery | action=pull
2025-07-27 21:39:00 | INFO | repo=Image-Galery | action=commit
2025-08-12 18:08:00 | WARN | repo=Image-Galery | action=commit
2025-05-08 07:15:00 | DEBUG | repo=Image-Galery | action=commit
2025-09-08 09:50:00 | INFO | repo=Image-Galery | action=commit
2025-09-15 07:48:00 | DEBUG | repo=Image-Galery | action=commit
2025-06-22 17:33:00 | DEBUG | repo=Image-Galery | action=edit | files=2
2025-01-24 08:02:00 | DEBUG | repo=Image-Galery | action=commit
2025-10-01 10:44:00 | WARN | repo=Image-Galery | action=commit
2025-02-27 20:40:00 | DEBUG | repo=Image-Galery | action=test | passed=true
2025-07-20 13:04:00 | DEBUG | repo=Image-Galery | action=commit
2025-12-03 08:31:00 | INFO | repo=Image-Galery | action=commit
2025-05-08 14:15:00 | DEBUG | repo=Image-Galery | action=commit
2025-04-16 08:02:00 | INFO | repo=Image-Galery | action=commit
2025-05-05 12:28:00 | WARN | repo=Image-Galery | action=commit
2025-10-21 17:12:00 | DEBUG | repo=Image-Galery | action=commit
2025-02-23 07:31:00 | INFO | repo=Image-Galery | action=commit
2025-07-22 21:09:00 | WARN | repo=Image-Galery | action=edit | files=2
2025-09-25 19:11:00 | INFO | repo=Image-Galery | action=commit
2025-05-28 09:38:00 | INFO | repo=Image-Galery | action=commit
2025-10-06 16:14:00 | DEBUG | repo=Image-Galery | action=commit
2025-05-01 08:26:00 | DEBUG | repo=Image-Galery | action=commit
2025-02-17 07:22:00 | WARN | repo=Image-Galery | action=edit | files=5
2025-12-26 18:16:00 | INFO | repo=Image-Galery | action=commit
2025-05-18 17:29:00 | INFO | repo=Image-Galery | action=pull
2025-06-06 21:18:00 | INFO | repo=Image-Galery | action=pull
2025-05-26 21:16:00 | DEBUG | repo=Image-Galery | action=edit | files=1
2025-12-20 09:20:00 | DEBUG | repo=Image-Galery | action=commit
2025-08-17 16:44:00 | WARN | repo=Image-Galery | action=edit | files=5
2025-10-07 21:59:00 | INFO | repo=Image-Galery | action=pull
2025-10-23 17:36:00 | DEBUG | repo=Image-Galery | action=test | passed=true
2025-08-08 13:56:00 | WARN | repo=Image-Galery | action=commit
2025-02-15 08:49:00 | INFO | repo=Image-Galery | action=edit | files=5
2025-09-24 13:17:00 | WARN | repo=Image-Galery | action=commit
2025-03-04 21:16:00 | WARN | repo=Image-Galery | action=commit
2025-06-25 21:15:00 | INFO | repo=Image-Galery | action=commit
2025-02-09 17:28:00 | DEBUG | repo=Image-Galery | action=commit
2025-08-21 14:07:00 | DEBUG | repo=Image-Galery | action=test | passed=true
2025-01-17 18:14:00 | WARN | repo=Image-Galery | action=commit
2025-03-01 11:29:00 | INFO | repo=Image-Galery | action=commit
2025-04-10 13:18:00 | INFO | repo=Image-Galery | action=commit
2025-04-04 14:40:00 | DEBUG | repo=Image-Galery | action=commit
2025-02-13 21:58:00 | INFO | repo=Image-Galery | action=edit | files=4
2025-03-23 14:12:00 | INFO | repo=Image-Galery | action=commit
2025-05-22 07:47:00 | DEBUG | repo=Image-Galery | action=commit
2025-09-15 15:09:00 | DEBUG | repo=Image-Galery | action=commit
2025-12-17 18:19:00 | INFO | repo=Image-Galery | action=commit
2025-07-09 20:54:00 | INFO | repo=Image-Galery | action=commit
2025-09-09 19:19:00 | WARN | repo=Image-Galery | action=test | passed=true
2025-01-18 12:44:00 | WARN | repo=Image-Galery | action=test | passed=true
2025-11-01 12:49:00 | INFO | repo=Image-Galery | action=edit | files=3
2025-04-17 07:01:00 | WARN | repo=Image-Galery | action=commit
2025-03-10 15:03:00 | DEBUG | repo=Image-Galery | action=commit
2025-04-09 18:47:00 | WARN | repo=Image-Galery | action=commit
2025-08-19 13:06:00 | INFO | repo=Image-Galery | action=commit
2025-01-19 15:23:00 | INFO | repo=Image-Galery | action=commit
2025-08-06 15:52:00 | WARN | repo=Image-Galery | action=commit
2025-10-02 11:18:00 | WARN | repo=Image-Galery | action=commit
2025-11-17 09:16:00 | DEBUG | repo=Image-Galery | action=pull
2025-05-24 14:29:00 | DEBUG | repo=Image-Galery | action=test | passed=true
2025-01-25 09:55:00 | DEBUG | repo=Image-Galery | action=commit
2025-07-22 07:44:00 | INFO | repo=Image-Galery | action=pull
2025-10-07 08:35:00 | DEBUG | repo=Image-Galery | action=commit
2025-04-15 09:34:00 | DEBUG | repo=Image-Galery | action=commit
2025-12-02 07:47:00 | DEBUG | repo=Image-Galery | action=commit
2025-04-28 19:13:00 | WARN | repo=Image-Galery | action=commit
2025-07-16 09:02:00 | WARN | repo=Image-Galery | action=test | passed=true
2025-08-28 09:29:00 | WARN | repo=Image-Galery | action=pull
2025-07-26 10:29:00 | DEBUG | repo=Image-Galery | action=pull
2025-11-01 12:36:00 | DEBUG | repo=Image-Galery | action=commit
2025-07-12 18:12:00 | DEBUG | repo=Image-Galery | action=commit
2025-08-12 13:55:00 | INFO | repo=Image-Galery | action=commit
2025-12-23 14:00:00 | DEBUG | repo=Image-Galery | action=commit
2025-03-27 08:45:00 | WARN | repo=Image-Galery | action=commit
2025-09-27 12:38:00 | DEBUG | repo=Image-Galery | action=commit
2025-02-04 14:49:00 | WARN | repo=Image-Galery | action=pull
2025-06-04 21:13:00 | DEBUG | repo=Image-Galery | action=test | passed=true
2025-02-17 18:38:00 | INFO | repo=Image-Galery | action=pull
2025-09-23 19:27:00 | DEBUG | repo=Image-Galery | action=test | passed=true
2025-04-05 14:47:00 | DEBUG | repo=Image-Galery | action=commit
2025-02-13 18:57:00 | INFO | repo=Image-Galery | action=commit
2025-08-12 20:30:00 | INFO | repo=Image-Galery | action=commit
2025-01-23 20:19:00 | INFO | repo=Image-Galery | action=commit
2025-09-25 11:07:00 | DEBUG | repo=Image-Galery | action=test | passed=true
2025-10-03 11:26:00 | WARN | repo=Image-Galery | action=test | passed=true
2025-11-19 18:48:00 | DEBUG | repo=Image-Galery | action=commit
2025-09-12 07:09:00 | INFO | repo=Image-Galery | action=commit
2025-08-18 08:09:00 | WARN | repo=Image-Galery | action=pull
2025-08-03 08:20:00 | INFO | repo=Image-Galery | action=commit
2025-01-28 08:39:00 | WARN | repo=Image-Galery | action=commit
2025-04-13 20:45:00 | INFO | repo=Image-Galery | action=commit
2025-03-27 18:30:00 | DEBUG | repo=Image-Galery | action=commit
2025-12-07 07:34:00 | WARN | repo=Image-Galery | action=commit
2025-10-23 21:27:00 | WARN | repo=Image-Galery | action=edit | files=3
2025-05-19 09:05:00 | INFO | repo=Image-Galery | action=commit
2025-09-22 19:08:00 | WARN | repo=Image-Galery | action=pull
2025-12-14 14:09:00 | WARN | repo=Image-Galery | action=commit
2025-03-13 18:28:00 | DEBUG | repo=Image-Galery | action=pull
2025-03-23 18:13:00 | WARN | repo=Image-Galery | action=commit
2025-02-12 20:16:00 | DEBUG | repo=Image-Galery | action=commit
2026-05-20 20:30:00 | WARN | repo=Image-Galery | action=test | passed=true
2026-06-28 18:07:00 | INFO | repo=Image-Galery | action=edit | files=4
2026-10-14 08:27:00 | DEBUG | repo=Image-Galery | action=commit
2026-03-23 10:30:00 | INFO | repo=Image-Galery | action=commit
2026-01-14 11:18:00 | INFO | repo=Image-Galery | action=pull
2026-01-01 09:23:00 | INFO | repo=Image-Galery | action=commit
2026-07-18 09:38:00 | INFO | repo=Image-Galery | action=edit | files=4
2026-06-01 11:17:00 | WARN | repo=Image-Galery | action=edit | files=2
2026-04-01 14:30:00 | INFO | repo=Image-Galery | action=commit
2026-01-05 16:56:00 | INFO | repo=Image-Galery | action=commit
2026-05-05 16:51:00 | WARN | repo=Image-Galery | action=commit
2026-07-22 14:17:00 | WARN | repo=Image-Galery | action=commit
2026-04-01 19:31:00 | INFO | repo=Image-Galery | action=commit
2025-06-20 21:16:00 | WARN | repo=Image-Galery | action=edit | files=4
2025-11-10 07:15:00 | INFO | repo=Image-Galery | action=test | passed=true
2025-05-20 12:23:00 | DEBUG | repo=Image-Galery | action=commit
2025-05-15 16:23:00 | DEBUG | repo=Image-Galery | action=commit
2025-02-28 14:53:00 | INFO | repo=Image-Galery | action=commit
2025-02-07 11:07:00 | WARN | repo=Image-Galery | action=commit
2025-07-21 13:26:00 | DEBUG | repo=Image-Galery | action=commit
2025-02-13 11:26:00 | DEBUG | repo=Image-Galery | action=commit
2025-12-17 09:23:00 | WARN | repo=Image-Galery | action=commit
2025-08-08 18:50:00 | DEBUG | repo=Image-Galery | action=commit
2025-02-21 21:51:00 | INFO | repo=Image-Galery | action=commit
2025-06-22 11:21:00 | DEBUG | repo=Image-Galery | action=edit | files=5
2025-11-15 14:50:00 | DEBUG | repo=Image-Galery | action=commit
2025-01-27 08:30:00 | INFO | repo=Image-Galery | action=commit
2025-01-26 14:37:00 | INFO | repo=Image-Galery | action=commit
2025-05-08 19:23:00 | WARN | repo=Image-Galery | action=commit
2025-10-18 13:02:00 | INFO | repo=Image-Galery | action=commit
2025-03-26 18:40:00 | WARN | repo=Image-Galery | action=commit
2025-04-22 16:01:00 | INFO | repo=Image-Galery | action=commit
2025-03-10 16:06:00 | INFO | repo=Image-Galery | action=commit
2025-05-07 08:41:00 | DEBUG | repo=Image-Galery | action=commit
2025-11-12 16:21:00 | DEBUG | repo=Image-Galery | action=commit
2025-02-23 15:01:00 | WARN | repo=Image-Galery | action=commit
2025-11-25 08:22:00 | WARN | repo=Image-Galery | action=edit | files=2
2025-02-02 20:54:00 | INFO | repo=Image-Galery | action=commit
2025-06-08 20:24:00 | INFO | repo=Image-Galery | action=commit
2025-09-19 11:02:00 | WARN | repo=Image-Galery | action=commit
2025-04-24 11:54:00 | DEBUG | repo=Image-Galery | action=commit
2025-12-21 07:48:00 | INFO | repo=Image-Galery | action=commit
2025-05-26 21:34:00 | WARN | repo=Image-Galery | action=commit
2025-03-13 13:49:00 | WARN | repo=Image-Galery | action=pull
2025-07-24 08:45:00 | INFO | repo=Image-Galery | action=test | passed=true
2025-10-05 18:52:00 | DEBUG | repo=Image-Galery | action=commit
2025-05-09 09:38:00 | DEBUG | repo=Image-Galery | action=edit | files=2
2025-08-01 18:31:00 | DEBUG | repo=Image-Galery | action=commit
2025-08-11 21:43:00 | WARN | repo=Image-Galery | action=commit
2025-12-23 13:42:00 | INFO | repo=Image-Galery | action=commit
2025-05-18 19:25:00 | WARN | repo=Image-Galery | action=commit
2025-07-19 10:38:00 | WARN | repo=Image-Galery | action=commit
2025-02-10 07:09:00 | WARN | repo=Image-Galery | action=edit | files=4
2025-04-28 08:38:00 | WARN | repo=Image-Galery | action=pull
2025-04-11 17:23:00 | DEBUG | repo=Image-Galery | action=pull
2025-10-13 20:25:00 | INFO | repo=Image-Galery | action=commit
2025-02-04 16:41:00 | WARN | repo=Image-Galery | action=commit
2025-04-22 19:10:00 | WARN | repo=Image-Galery | action=test | passed=true
2025-07-16 13:20:00 | INFO | repo=Image-Galery | action=commit
2025-03-22 18:05:00 | WARN | repo=Image-Galery | action=pull
2025-12-24 09:03:00 | WARN | repo=Image-Galery | action=commit
2025-01-14 10:17:00 | INFO | repo=Image-Galery | action=pull
2025-05-14 11:55:00 | INFO | repo=Image-Galery | action=commit
2025-02-26 07:55:00 | WARN | repo=Image-Galery | action=edit | files=5
2025-08-25 12:41:00 | WARN | repo=Image-Galery | action=commit
2025-04-22 13:43:00 | DEBUG | repo=Image-Galery | action=commit
2025-08-02 19:31:00 | INFO | repo=Image-Galery | action=edit | files=2
2025-12-20 17:47:00 | INFO | repo=Image-Galery | action=test | passed=true
2025-02-03 11:14:00 | WARN | repo=Image-Galery | action=commit
2025-04-04 21:10:00 | WARN | repo=Image-Galery | action=pull
2025-05-04 20:39:00 | DEBUG | repo=Image-Galery | action=commit
2025-08-19 16:31:00 | WARN | repo=Image-Galery | action=pull
2025-07-05 12:40:00 | INFO | repo=Image-Galery | action=pull
2025-10-25 12:02:00 | INFO | repo=Image-Galery | action=edit | files=4
2025-12-06 12:32:00 | DEBUG | repo=Image-Galery | action=pull
2025-08-08 12:42:00 | DEBUG | repo=Image-Galery | action=pull
2025-09-04 17:40:00 | WARN | repo=Image-Galery | action=commit
2025-06-19 08:54:00 | INFO | repo=Image-Galery | action=commit
2025-02-17 08:18:00 | INFO | repo=Image-Galery | action=commit
2025-04-13 08:11:00 | INFO | repo=Image-Galery | action=pull
2025-06-13 12:03:00 | INFO | repo=Image-Galery | action=commit
2025-05-26 08:36:00 | DEBUG | repo=Image-Galery | action=commit
2025-04-08 20:31:00 | DEBUG | repo=Image-Galery | action=edit | files=1
2025-05-01 21:41:00 | INFO | repo=Image-Galery | action=commit
2025-06-06 21:26:00 | DEBUG | repo=Image-Galery | action=commit
2025-11-15 15:37:00 | DEBUG | repo=Image-Galery | action=commit
2025-12-06 07:52:00 | DEBUG | repo=Image-Galery | action=commit
2025-05-26 18:36:00 | DEBUG | repo=Image-Galery | action=commit
2025-06-10T12:00:00 | nonce=9972487739916643715
